mode: set
iot-platform-go/cmd/server/main.go:16.13,22.16 3 0
iot-platform-go/cmd/server/main.go:22.16,24.3 1 0
iot-platform-go/cmd/server/main.go:25.2,25.15 1 0
iot-platform-go/cmd/server/main.go:25.15,26.36 1 0
iot-platform-go/cmd/server/main.go:26.36,28.4 1 0
iot-platform-go/cmd/server/main.go:32.2,46.45 7 0
iot-platform-go/cmd/server/main.go:46.45,51.3 1 0
iot-platform-go/cmd/server/main.go:54.2,55.2 2 0
iot-platform-go/cmd/server/main.go:55.2,58.3 2 0
iot-platform-go/cmd/server/main.go:58.3,65.4 6 0
iot-platform-go/cmd/server/main.go:69.2,74.41 5 0
iot-platform-go/cmd/server/main.go:74.41,77.3 2 0
iot-platform-go/cmd/server/main.go:81.39,82.30 1 0
iot-platform-go/cmd/server/main.go:82.30,87.36 4 0
iot-platform-go/cmd/server/main.go:87.36,90.4 2 0
iot-platform-go/cmd/server/main.go:92.3,92.11 1 0
iot-platform-go/internal/database/database.go:19.49,22.16 3 0
iot-platform-go/internal/database/database.go:22.16,24.3 1 0
iot-platform-go/internal/database/database.go:27.2,27.34 1 0
iot-platform-go/internal/database/database.go:27.34,29.3 1 0
iot-platform-go/internal/database/database.go:31.2,34.46 2 0
iot-platform-go/internal/database/database.go:34.46,36.3 1 0
iot-platform-go/internal/database/database.go:38.2,38.22 1 0
iot-platform-go/internal/database/database.go:42.39,59.16 3 0
iot-platform-go/internal/database/database.go:59.16,61.3 1 0
iot-platform-go/internal/database/database.go:64.2,77.16 3 0
iot-platform-go/internal/database/database.go:77.16,79.3 1 0
iot-platform-go/internal/database/database.go:82.2,90.32 2 0
iot-platform-go/internal/database/database.go:90.32,92.17 2 0
iot-platform-go/internal/database/database.go:92.17,94.4 1 0
iot-platform-go/internal/database/database.go:97.2,98.12 2 0
iot-platform-go/internal/database/database.go:102.34,104.2 1 0
iot-platform-go/internal/api/device_handler.go:23.71,25.2 1 1
iot-platform-go/internal/api/device_handler.go:28.54,30.47 2 1
iot-platform-go/internal/api/device_handler.go:30.47,33.3 2 1
iot-platform-go/internal/api/device_handler.go:35.2,36.16 2 1
iot-platform-go/internal/api/device_handler.go:36.16,39.3 2 1
iot-platform-go/internal/api/device_handler.go:41.2,41.36 1 1
iot-platform-go/internal/api/device_handler.go:45.51,47.14 2 1
iot-platform-go/internal/api/device_handler.go:47.14,50.3 2 0
iot-platform-go/internal/api/device_handler.go:52.2,53.16 2 1
iot-platform-go/internal/api/device_handler.go:53.16,54.39 1 1
iot-platform-go/internal/api/device_handler.go:54.39,57.4 2 0
iot-platform-go/internal/api/device_handler.go:58.3,59.9 2 1
iot-platform-go/internal/api/device_handler.go:62.2,62.31 1 1
iot-platform-go/internal/api/device_handler.go:66.55,68.16 2 1
iot-platform-go/internal/api/device_handler.go:68.16,71.3 2 1
iot-platform-go/internal/api/device_handler.go:73.2,76.4 1 1
iot-platform-go/internal/api/device_handler.go:80.54,82.14 2 1
iot-platform-go/internal/api/device_handler.go:82.14,85.3 2 0
iot-platform-go/internal/api/device_handler.go:87.2,88.47 2 1
iot-platform-go/internal/api/device_handler.go:88.47,91.3 2 1
iot-platform-go/internal/api/device_handler.go:93.2,94.16 2 1
iot-platform-go/internal/api/device_handler.go:94.16,95.39 1 1
iot-platform-go/internal/api/device_handler.go:95.39,98.4 2 0
iot-platform-go/internal/api/device_handler.go:99.3,100.9 2 1
iot-platform-go/internal/api/device_handler.go:103.2,103.31 1 1
iot-platform-go/internal/api/device_handler.go:107.54,109.14 2 1
iot-platform-go/internal/api/device_handler.go:109.14,112.3 2 0
iot-platform-go/internal/api/device_handler.go:114.2,115.16 2 1
iot-platform-go/internal/api/device_handler.go:115.16,116.39 1 1
iot-platform-go/internal/api/device_handler.go:116.39,119.4 2 0
iot-platform-go/internal/api/device_handler.go:120.3,121.9 2 1
iot-platform-go/internal/api/device_handler.go:124.2,124.72 1 1
iot-platform-go/internal/api/device_handler.go:128.57,130.14 2 1
iot-platform-go/internal/api/device_handler.go:130.14,133.3 2 1
iot-platform-go/internal/api/device_handler.go:135.2,136.16 2 1
iot-platform-go/internal/api/device_handler.go:136.16,137.39 1 1
iot-platform-go/internal/api/device_handler.go:137.39,140.4 2 0
iot-platform-go/internal/api/device_handler.go:141.3,142.9 2 1
iot-platform-go/internal/api/device_handler.go:145.2,151.31 2 1
iot-platform-go/internal/config/config.go:55.21,57.40 1 1
iot-platform-go/internal/config/config.go:57.40,59.3 1 1
iot-platform-go/internal/config/config.go:61.2,87.3 1 1
iot-platform-go/internal/config/config.go:91.46,92.42 1 1
iot-platform-go/internal/config/config.go:92.42,94.3 1 1
iot-platform-go/internal/config/config.go:95.2,95.21 1 1
iot-platform-go/internal/config/config.go:99.42,103.2 1 1
iot-platform-go/internal/device/mock_repository.go:21.42,25.2 1 0
iot-platform-go/internal/device/mock_repository.go:28.90,29.25 1 0
iot-platform-go/internal/device/mock_repository.go:29.25,31.3 1 0
iot-platform-go/internal/device/mock_repository.go:33.2,46.20 3 0
iot-platform-go/internal/device/mock_repository.go:50.69,51.26 1 0
iot-platform-go/internal/device/mock_repository.go:51.26,53.3 1 0
iot-platform-go/internal/device/mock_repository.go:55.2,56.13 2 0
iot-platform-go/internal/device/mock_repository.go:56.13,58.3 1 0
iot-platform-go/internal/device/mock_repository.go:60.2,60.20 1 0
iot-platform-go/internal/device/mock_repository.go:64.61,65.25 1 0
iot-platform-go/internal/device/mock_repository.go:65.25,67.3 1 0
iot-platform-go/internal/device/mock_repository.go:69.2,70.35 2 0
iot-platform-go/internal/device/mock_repository.go:70.35,72.3 1 0
iot-platform-go/internal/device/mock_repository.go:74.2,74.21 1 0
iot-platform-go/internal/device/mock_repository.go:78.101,79.25 1 0
iot-platform-go/internal/device/mock_repository.go:79.25,81.3 1 0
iot-platform-go/internal/device/mock_repository.go:83.2,84.13 2 0
iot-platform-go/internal/device/mock_repository.go:84.13,86.3 1 0
iot-platform-go/internal/device/mock_repository.go:88.2,88.20 1 0
iot-platform-go/internal/device/mock_repository.go:88.20,90.3 1 0
iot-platform-go/internal/device/mock_repository.go:91.2,91.20 1 0
iot-platform-go/internal/device/mock_repository.go:91.20,93.3 1 0
iot-platform-go/internal/device/mock_repository.go:94.2,94.24 1 0
iot-platform-go/internal/device/mock_repository.go:94.24,96.3 1 0
iot-platform-go/internal/device/mock_repository.go:97.2,97.24 1 0
iot-platform-go/internal/device/mock_repository.go:97.24,99.3 1 0
iot-platform-go/internal/device/mock_repository.go:101.2,104.20 3 0
iot-platform-go/internal/device/mock_repository.go:108.50,109.25 1 0
iot-platform-go/internal/device/mock_repository.go:109.25,111.3 1 0
iot-platform-go/internal/device/mock_repository.go:113.2,113.41 1 0
iot-platform-go/internal/device/mock_repository.go:113.41,115.3 1 0
iot-platform-go/internal/device/mock_repository.go:117.2,118.12 2 0
iot-platform-go/internal/device/mock_repository.go:122.71,123.31 1 0
iot-platform-go/internal/device/mock_repository.go:123.31,125.3 1 0
iot-platform-go/internal/device/mock_repository.go:127.2,128.13 2 0
iot-platform-go/internal/device/mock_repository.go:128.13,130.3 1 0
iot-platform-go/internal/device/mock_repository.go:132.2,137.12 5 0
iot-platform-go/internal/device/mock_repository.go:141.106,143.2 1 0
iot-platform-go/internal/device/mock_repository.go:146.85,148.2 1 0
iot-platform-go/internal/device/mock_repository.go:151.77,153.2 1 0
iot-platform-go/internal/device/mock_repository.go:156.117,158.2 1 0
iot-platform-go/internal/device/mock_repository.go:161.66,163.2 1 0
iot-platform-go/internal/device/mock_repository.go:166.87,168.2 1 0
iot-platform-go/internal/device/mock_repository.go:171.59,173.2 1 0
iot-platform-go/internal/device/mock_repository.go:176.34,178.2 1 0
iot-platform-go/internal/device/repository.go:30.55,32.2 1 0
iot-platform-go/internal/device/repository.go:35.86,55.16 4 0
iot-platform-go/internal/device/repository.go:55.16,57.3 1 0
iot-platform-go/internal/device/repository.go:59.2,59.20 1 0
iot-platform-go/internal/device/repository.go:63.65,73.16 4 0
iot-platform-go/internal/device/repository.go:73.16,74.27 1 0
iot-platform-go/internal/device/repository.go:74.27,76.4 1 0
iot-platform-go/internal/device/repository.go:77.3,77.58 1 0
iot-platform-go/internal/device/repository.go:80.2,80.20 1 0
iot-platform-go/internal/device/repository.go:84.57,92.16 3 0
iot-platform-go/internal/device/repository.go:92.16,94.3 1 0
iot-platform-go/internal/device/repository.go:95.2,98.18 3 0
iot-platform-go/internal/device/repository.go:98.18,111.17 3 0
iot-platform-go/internal/device/repository.go:111.17,113.4 1 0
iot-platform-go/internal/device/repository.go:114.3,114.36 1 0
iot-platform-go/internal/device/repository.go:117.2,117.34 1 0
iot-platform-go/internal/device/repository.go:117.34,119.3 1 0
iot-platform-go/internal/device/repository.go:121.2,121.21 1 0
iot-platform-go/internal/device/repository.go:125.97,127.16 2 0
iot-platform-go/internal/device/repository.go:127.16,129.3 1 0
iot-platform-go/internal/device/repository.go:132.2,132.20 1 0
iot-platform-go/internal/device/repository.go:132.20,134.3 1 0
iot-platform-go/internal/device/repository.go:135.2,135.20 1 0
iot-platform-go/internal/device/repository.go:135.20,137.3 1 0
iot-platform-go/internal/device/repository.go:138.2,138.24 1 0
iot-platform-go/internal/device/repository.go:138.24,140.3 1 0
iot-platform-go/internal/device/repository.go:141.2,141.22 1 0
iot-platform-go/internal/device/repository.go:141.22,143.3 1 0
iot-platform-go/internal/device/repository.go:144.2,144.24 1 0
iot-platform-go/internal/device/repository.go:144.24,146.3 1 0
iot-platform-go/internal/device/repository.go:148.2,158.16 4 0
iot-platform-go/internal/device/repository.go:158.16,160.3 1 0
iot-platform-go/internal/device/repository.go:162.2,162.20 1 0
iot-platform-go/internal/device/repository.go:166.46,169.16 3 0
iot-platform-go/internal/device/repository.go:169.16,171.3 1 0
iot-platform-go/internal/device/repository.go:173.2,174.16 2 0
iot-platform-go/internal/device/repository.go:174.16,176.3 1 0
iot-platform-go/internal/device/repository.go:178.2,178.23 1 0
iot-platform-go/internal/device/repository.go:178.23,180.3 1 0
iot-platform-go/internal/device/repository.go:182.2,182.12 1 0
iot-platform-go/internal/device/repository.go:186.67,194.16 3 0
iot-platform-go/internal/device/repository.go:194.16,196.3 1 0
iot-platform-go/internal/device/repository.go:198.2,198.12 1 0
